<?xml version="1.0" encoding="UTF-8"?>
<testsuite xmlns:xsi="http://www.w3.org/2001/XMLSchema-instance" xsi:noNamespaceSchemaLocation="https://maven.apache.org/surefire/maven-surefire-plugin/xsd/surefire-test-report-3.0.xsd" version="3.0" name="step_definitions.RunCukesTest" time="133.157" tests="53" errors="0" skipped="0" failures="0">
  <properties>
    <property name="awt.toolkit" value="sun.awt.X11.XToolkit"/>
    <property name="file.encoding.pkg" value="sun.io"/>
    <property name="java.specification.version" value="1.8"/>
    <property name="sun.cpu.isalist" value=""/>
    <property name="sun.jnu.encoding" value="UTF-8"/>
    <property name="java.class.path" value="/home/jae/Documents/testwithinteliJ/AutomationSauceDemo/target/test-classes:/home/jae/Documents/testwithinteliJ/AutomationSauceDemo/target/classes:/home/jae/.m2/repository/junit/junit/4.11/junit-4.11.jar:/home/jae/.m2/repository/org/hamcrest/hamcrest-core/1.3/hamcrest-core-1.3.jar:/home/jae/.m2/repository/org/seleniumhq/selenium/selenium-java/4.1.2/selenium-java-4.1.2.jar:/home/jae/.m2/repository/org/seleniumhq/selenium/selenium-api/4.1.2/selenium-api-4.1.2.jar:/home/jae/.m2/repository/org/seleniumhq/selenium/selenium-chrome-driver/4.1.2/selenium-chrome-driver-4.1.2.jar:/home/jae/.m2/repository/com/google/auto/service/auto-service-annotations/1.0.1/auto-service-annotations-1.0.1.jar:/home/jae/.m2/repository/com/google/auto/service/auto-service/1.0.1/auto-service-1.0.1.jar:/home/jae/.m2/repository/com/google/auto/auto-common/1.2/auto-common-1.2.jar:/home/jae/.m2/repository/org/seleniumhq/selenium/selenium-chromium-driver/4.1.2/selenium-chromium-driver-4.1.2.jar:/home/jae/.m2/repository/org/seleniumhq/selenium/selenium-json/4.1.2/selenium-json-4.1.2.jar:/home/jae/.m2/repository/org/seleniumhq/selenium/selenium-devtools-v85/4.1.2/selenium-devtools-v85-4.1.2.jar:/home/jae/.m2/repository/org/seleniumhq/selenium/selenium-devtools-v95/4.1.2/selenium-devtools-v95-4.1.2.jar:/home/jae/.m2/repository/org/seleniumhq/selenium/selenium-devtools-v96/4.1.2/selenium-devtools-v96-4.1.2.jar:/home/jae/.m2/repository/org/seleniumhq/selenium/selenium-devtools-v97/4.1.2/selenium-devtools-v97-4.1.2.jar:/home/jae/.m2/repository/org/seleniumhq/selenium/selenium-edge-driver/4.1.2/selenium-edge-driver-4.1.2.jar:/home/jae/.m2/repository/org/seleniumhq/selenium/selenium-firefox-driver/4.1.2/selenium-firefox-driver-4.1.2.jar:/home/jae/.m2/repository/org/seleniumhq/selenium/selenium-firefox-xpi-driver/4.1.2/selenium-firefox-xpi-driver-4.1.2.jar:/home/jae/.m2/repository/org/seleniumhq/selenium/selenium-ie-driver/4.1.2/selenium-ie-driver-4.1.2.jar:/home/jae/.m2/repository/org/seleniumhq/selenium/selenium-opera-driver/4.1.2/selenium-opera-driver-4.1.2.jar:/home/jae/.m2/repository/org/seleniumhq/selenium/selenium-remote-driver/4.1.2/selenium-remote-driver-4.1.2.jar:/home/jae/.m2/repository/com/beust/jcommander/1.82/jcommander-1.82.jar:/home/jae/.m2/repository/io/netty/netty-buffer/4.1.73.Final/netty-buffer-4.1.73.Final.jar:/home/jae/.m2/repository/io/netty/netty-codec-http/4.1.73.Final/netty-codec-http-4.1.73.Final.jar:/home/jae/.m2/repository/io/netty/netty-codec/4.1.73.Final/netty-codec-4.1.73.Final.jar:/home/jae/.m2/repository/io/netty/netty-handler/4.1.73.Final/netty-handler-4.1.73.Final.jar:/home/jae/.m2/repository/io/netty/netty-tcnative-classes/2.0.46.Final/netty-tcnative-classes-2.0.46.Final.jar:/home/jae/.m2/repository/io/netty/netty-common/4.1.73.Final/netty-common-4.1.73.Final.jar:/home/jae/.m2/repository/io/netty/netty-transport-classes-epoll/4.1.73.Final/netty-transport-classes-epoll-4.1.73.Final.jar:/home/jae/.m2/repository/io/netty/netty-transport-classes-kqueue/4.1.73.Final/netty-transport-classes-kqueue-4.1.73.Final.jar:/home/jae/.m2/repository/io/netty/netty-transport-native-epoll/4.1.73.Final/netty-transport-native-epoll-4.1.73.Final.jar:/home/jae/.m2/repository/io/netty/netty-transport-native-kqueue/4.1.73.Final/netty-transport-native-kqueue-4.1.73.Final.jar:/home/jae/.m2/repository/io/netty/netty-transport-native-unix-common/4.1.73.Final/netty-transport-native-unix-common-4.1.73.Final.jar:/home/jae/.m2/repository/io/netty/netty-transport/4.1.73.Final/netty-transport-4.1.73.Final.jar:/home/jae/.m2/repository/io/netty/netty-resolver/4.1.73.Final/netty-resolver-4.1.73.Final.jar:/home/jae/.m2/repository/io/opentelemetry/opentelemetry-api/1.10.1/opentelemetry-api-1.10.1.jar:/home/jae/.m2/repository/io/opentelemetry/opentelemetry-context/1.10.1/opentelemetry-context-1.10.1.jar:/home/jae/.m2/repository/io/opentelemetry/opentelemetry-exporter-logging/1.10.1/opentelemetry-exporter-logging-1.10.1.jar:/home/jae/.m2/repository/io/opentelemetry/opentelemetry-sdk-metrics/1.10.1-alpha/opentelemetry-sdk-metrics-1.10.1-alpha.jar:/home/jae/.m2/repository/io/opentelemetry/opentelemetry-sdk-logs/1.10.1-alpha/opentelemetry-sdk-logs-1.10.1-alpha.jar:/home/jae/.m2/repository/io/opentelemetry/opentelemetry-sdk-common/1.10.1/opentelemetry-sdk-common-1.10.1.jar:/home/jae/.m2/repository/io/opentelemetry/opentelemetry-sdk-extension-autoconfigure-spi/1.10.1/opentelemetry-sdk-extension-autoconfigure-spi-1.10.1.jar:/home/jae/.m2/repository/io/opentelemetry/opentelemetry-sdk-extension-autoconfigure/1.10.1-alpha/opentelemetry-sdk-extension-autoconfigure-1.10.1-alpha.jar:/home/jae/.m2/repository/io/opentelemetry/opentelemetry-sdk-trace/1.10.1/opentelemetry-sdk-trace-1.10.1.jar:/home/jae/.m2/repository/io/opentelemetry/opentelemetry-sdk/1.10.1/opentelemetry-sdk-1.10.1.jar:/home/jae/.m2/repository/io/opentelemetry/opentelemetry-semconv/1.10.1-alpha/opentelemetry-semconv-1.10.1-alpha.jar:/home/jae/.m2/repository/io/ous/jtoml/2.0.0/jtoml-2.0.0.jar:/home/jae/.m2/repository/net/bytebuddy/byte-buddy/1.12.7/byte-buddy-1.12.7.jar:/home/jae/.m2/repository/org/apache/commons/commons-exec/1.3/commons-exec-1.3.jar:/home/jae/.m2/repository/org/asynchttpclient/async-http-client/2.12.3/async-http-client-2.12.3.jar:/home/jae/.m2/repository/org/asynchttpclient/async-http-client-netty-utils/2.12.3/async-http-client-netty-utils-2.12.3.jar:/home/jae/.m2/repository/io/netty/netty-codec-socks/4.1.60.Final/netty-codec-socks-4.1.60.Final.jar:/home/jae/.m2/repository/io/netty/netty-handler-proxy/4.1.60.Final/netty-handler-proxy-4.1.60.Final.jar:/home/jae/.m2/repository/io/netty/netty-transport-native-epoll/4.1.60.Final/netty-transport-native-epoll-4.1.60.Final-linux-x86_64.jar:/home/jae/.m2/repository/io/netty/netty-transport-native-kqueue/4.1.60.Final/netty-transport-native-kqueue-4.1.60.Final-osx-x86_64.jar:/home/jae/.m2/repository/org/reactivestreams/reactive-streams/1.0.3/reactive-streams-1.0.3.jar:/home/jae/.m2/repository/com/typesafe/netty/netty-reactive-streams/2.0.4/netty-reactive-streams-2.0.4.jar:/home/jae/.m2/repository/com/sun/activation/jakarta.activation/1.2.2/jakarta.activation-1.2.2.jar:/home/jae/.m2/repository/org/seleniumhq/selenium/selenium-http/4.1.2/selenium-http-4.1.2.jar:/home/jae/.m2/repository/net/jodah/failsafe/2.4.4/failsafe-2.4.4.jar:/home/jae/.m2/repository/org/seleniumhq/selenium/selenium-safari-driver/4.1.2/selenium-safari-driver-4.1.2.jar:/home/jae/.m2/repository/org/seleniumhq/selenium/selenium-support/4.1.2/selenium-support-4.1.2.jar:/home/jae/.m2/repository/info/cukes/cucumber-java/1.2.5/cucumber-java-1.2.5.jar:/home/jae/.m2/repository/info/cukes/cucumber-core/1.2.5/cucumber-core-1.2.5.jar:/home/jae/.m2/repository/info/cukes/cucumber-html/0.2.3/cucumber-html-0.2.3.jar:/home/jae/.m2/repository/info/cukes/cucumber-jvm-deps/1.0.5/cucumber-jvm-deps-1.0.5.jar:/home/jae/.m2/repository/info/cukes/gherkin/2.12.2/gherkin-2.12.2.jar:/home/jae/.m2/repository/info/cukes/cucumber-junit/1.2.5/cucumber-junit-1.2.5.jar:/home/jae/.m2/repository/net/masterthought/cucumber-reporting/5.7.2/cucumber-reporting-5.7.2.jar:/home/jae/.m2/repository/com/fasterxml/jackson/core/jackson-databind/2.13.2.2/jackson-databind-2.13.2.2.jar:/home/jae/.m2/repository/com/fasterxml/jackson/core/jackson-annotations/2.13.2/jackson-annotations-2.13.2.jar:/home/jae/.m2/repository/com/fasterxml/jackson/core/jackson-core/2.13.2/jackson-core-2.13.2.jar:/home/jae/.m2/repository/com/fasterxml/jackson/datatype/jackson-datatype-jsr310/2.13.2/jackson-datatype-jsr310-2.13.2.jar:/home/jae/.m2/repository/org/apache/velocity/velocity-engine-core/2.3/velocity-engine-core-2.3.jar:/home/jae/.m2/repository/org/slf4j/slf4j-api/1.7.30/slf4j-api-1.7.30.jar:/home/jae/.m2/repository/commons-collections/commons-collections/3.2.2/commons-collections-3.2.2.jar:/home/jae/.m2/repository/joda-time/joda-time/2.10.14/joda-time-2.10.14.jar:/home/jae/.m2/repository/org/apache/commons/commons-lang3/3.12.0/commons-lang3-3.12.0.jar:/home/jae/.m2/repository/commons-io/commons-io/2.7/commons-io-2.7.jar:/home/jae/.m2/repository/org/codehaus/plexus/plexus-utils/3.4.2/plexus-utils-3.4.2.jar:/home/jae/.m2/repository/org/jsoup/jsoup/1.15.1/jsoup-1.15.1.jar:/home/jae/.m2/repository/com/google/guava/guava/31.1-jre/guava-31.1-jre.jar:/home/jae/.m2/repository/com/google/guava/failureaccess/1.0.1/failureaccess-1.0.1.jar:/home/jae/.m2/repository/com/google/guava/listenablefuture/9999.0-empty-to-avoid-conflict-with-guava/listenablefuture-9999.0-empty-to-avoid-conflict-with-guava.jar:/home/jae/.m2/repository/com/google/code/findbugs/jsr305/3.0.2/jsr305-3.0.2.jar:/home/jae/.m2/repository/org/checkerframework/checker-qual/3.12.0/checker-qual-3.12.0.jar:/home/jae/.m2/repository/com/google/errorprone/error_prone_annotations/2.11.0/error_prone_annotations-2.11.0.jar:/home/jae/.m2/repository/com/google/j2objc/j2objc-annotations/1.3/j2objc-annotations-1.3.jar:/home/jae/.m2/repository/com/googlecode/owasp-java-html-sanitizer/owasp-java-html-sanitizer/20211018.2/owasp-java-html-sanitizer-20211018.2.jar:/home/jae/.m2/repository/commons-configuration/commons-configuration/1.10/commons-configuration-1.10.jar:/home/jae/.m2/repository/commons-lang/commons-lang/2.6/commons-lang-2.6.jar:/home/jae/.m2/repository/commons-logging/commons-logging/1.1.1/commons-logging-1.1.1.jar:"/>
    <property name="java.vm.vendor" value="Private Build"/>
    <property name="sun.arch.data.model" value="64"/>
    <property name="java.vendor.url" value="http://java.oracle.com/"/>
    <property name="user.timezone" value=""/>
    <property name="java.vm.specification.version" value="1.8"/>
    <property name="os.name" value="Linux"/>
    <property name="user.country" value="US"/>
    <property name="sun.java.launcher" value="SUN_STANDARD"/>
    <property name="sun.boot.library.path" value="/usr/lib/jvm/java-8-openjdk-amd64/jre/lib/amd64"/>
    <property name="sun.java.command" value="/home/jae/Documents/testwithinteliJ/AutomationSauceDemo/target/surefire/surefirebooter-20221030203733949_3.jar /home/jae/Documents/testwithinteliJ/AutomationSauceDemo/target/surefire 2022-10-30T20-37-33_413-jvmRun1 surefire-20221030203733949_1tmp surefire_0-20221030203733949_2tmp"/>
    <property name="surefire.test.class.path" value="/home/jae/Documents/testwithinteliJ/AutomationSauceDemo/target/test-classes:/home/jae/Documents/testwithinteliJ/AutomationSauceDemo/target/classes:/home/jae/.m2/repository/junit/junit/4.11/junit-4.11.jar:/home/jae/.m2/repository/org/hamcrest/hamcrest-core/1.3/hamcrest-core-1.3.jar:/home/jae/.m2/repository/org/seleniumhq/selenium/selenium-java/4.1.2/selenium-java-4.1.2.jar:/home/jae/.m2/repository/org/seleniumhq/selenium/selenium-api/4.1.2/selenium-api-4.1.2.jar:/home/jae/.m2/repository/org/seleniumhq/selenium/selenium-chrome-driver/4.1.2/selenium-chrome-driver-4.1.2.jar:/home/jae/.m2/repository/com/google/auto/service/auto-service-annotations/1.0.1/auto-service-annotations-1.0.1.jar:/home/jae/.m2/repository/com/google/auto/service/auto-service/1.0.1/auto-service-1.0.1.jar:/home/jae/.m2/repository/com/google/auto/auto-common/1.2/auto-common-1.2.jar:/home/jae/.m2/repository/org/seleniumhq/selenium/selenium-chromium-driver/4.1.2/selenium-chromium-driver-4.1.2.jar:/home/jae/.m2/repository/org/seleniumhq/selenium/selenium-json/4.1.2/selenium-json-4.1.2.jar:/home/jae/.m2/repository/org/seleniumhq/selenium/selenium-devtools-v85/4.1.2/selenium-devtools-v85-4.1.2.jar:/home/jae/.m2/repository/org/seleniumhq/selenium/selenium-devtools-v95/4.1.2/selenium-devtools-v95-4.1.2.jar:/home/jae/.m2/repository/org/seleniumhq/selenium/selenium-devtools-v96/4.1.2/selenium-devtools-v96-4.1.2.jar:/home/jae/.m2/repository/org/seleniumhq/selenium/selenium-devtools-v97/4.1.2/selenium-devtools-v97-4.1.2.jar:/home/jae/.m2/repository/org/seleniumhq/selenium/selenium-edge-driver/4.1.2/selenium-edge-driver-4.1.2.jar:/home/jae/.m2/repository/org/seleniumhq/selenium/selenium-firefox-driver/4.1.2/selenium-firefox-driver-4.1.2.jar:/home/jae/.m2/repository/org/seleniumhq/selenium/selenium-firefox-xpi-driver/4.1.2/selenium-firefox-xpi-driver-4.1.2.jar:/home/jae/.m2/repository/org/seleniumhq/selenium/selenium-ie-driver/4.1.2/selenium-ie-driver-4.1.2.jar:/home/jae/.m2/repository/org/seleniumhq/selenium/selenium-opera-driver/4.1.2/selenium-opera-driver-4.1.2.jar:/home/jae/.m2/repository/org/seleniumhq/selenium/selenium-remote-driver/4.1.2/selenium-remote-driver-4.1.2.jar:/home/jae/.m2/repository/com/beust/jcommander/1.82/jcommander-1.82.jar:/home/jae/.m2/repository/io/netty/netty-buffer/4.1.73.Final/netty-buffer-4.1.73.Final.jar:/home/jae/.m2/repository/io/netty/netty-codec-http/4.1.73.Final/netty-codec-http-4.1.73.Final.jar:/home/jae/.m2/repository/io/netty/netty-codec/4.1.73.Final/netty-codec-4.1.73.Final.jar:/home/jae/.m2/repository/io/netty/netty-handler/4.1.73.Final/netty-handler-4.1.73.Final.jar:/home/jae/.m2/repository/io/netty/netty-tcnative-classes/2.0.46.Final/netty-tcnative-classes-2.0.46.Final.jar:/home/jae/.m2/repository/io/netty/netty-common/4.1.73.Final/netty-common-4.1.73.Final.jar:/home/jae/.m2/repository/io/netty/netty-transport-classes-epoll/4.1.73.Final/netty-transport-classes-epoll-4.1.73.Final.jar:/home/jae/.m2/repository/io/netty/netty-transport-classes-kqueue/4.1.73.Final/netty-transport-classes-kqueue-4.1.73.Final.jar:/home/jae/.m2/repository/io/netty/netty-transport-native-epoll/4.1.73.Final/netty-transport-native-epoll-4.1.73.Final.jar:/home/jae/.m2/repository/io/netty/netty-transport-native-kqueue/4.1.73.Final/netty-transport-native-kqueue-4.1.73.Final.jar:/home/jae/.m2/repository/io/netty/netty-transport-native-unix-common/4.1.73.Final/netty-transport-native-unix-common-4.1.73.Final.jar:/home/jae/.m2/repository/io/netty/netty-transport/4.1.73.Final/netty-transport-4.1.73.Final.jar:/home/jae/.m2/repository/io/netty/netty-resolver/4.1.73.Final/netty-resolver-4.1.73.Final.jar:/home/jae/.m2/repository/io/opentelemetry/opentelemetry-api/1.10.1/opentelemetry-api-1.10.1.jar:/home/jae/.m2/repository/io/opentelemetry/opentelemetry-context/1.10.1/opentelemetry-context-1.10.1.jar:/home/jae/.m2/repository/io/opentelemetry/opentelemetry-exporter-logging/1.10.1/opentelemetry-exporter-logging-1.10.1.jar:/home/jae/.m2/repository/io/opentelemetry/opentelemetry-sdk-metrics/1.10.1-alpha/opentelemetry-sdk-metrics-1.10.1-alpha.jar:/home/jae/.m2/repository/io/opentelemetry/opentelemetry-sdk-logs/1.10.1-alpha/opentelemetry-sdk-logs-1.10.1-alpha.jar:/home/jae/.m2/repository/io/opentelemetry/opentelemetry-sdk-common/1.10.1/opentelemetry-sdk-common-1.10.1.jar:/home/jae/.m2/repository/io/opentelemetry/opentelemetry-sdk-extension-autoconfigure-spi/1.10.1/opentelemetry-sdk-extension-autoconfigure-spi-1.10.1.jar:/home/jae/.m2/repository/io/opentelemetry/opentelemetry-sdk-extension-autoconfigure/1.10.1-alpha/opentelemetry-sdk-extension-autoconfigure-1.10.1-alpha.jar:/home/jae/.m2/repository/io/opentelemetry/opentelemetry-sdk-trace/1.10.1/opentelemetry-sdk-trace-1.10.1.jar:/home/jae/.m2/repository/io/opentelemetry/opentelemetry-sdk/1.10.1/opentelemetry-sdk-1.10.1.jar:/home/jae/.m2/repository/io/opentelemetry/opentelemetry-semconv/1.10.1-alpha/opentelemetry-semconv-1.10.1-alpha.jar:/home/jae/.m2/repository/io/ous/jtoml/2.0.0/jtoml-2.0.0.jar:/home/jae/.m2/repository/net/bytebuddy/byte-buddy/1.12.7/byte-buddy-1.12.7.jar:/home/jae/.m2/repository/org/apache/commons/commons-exec/1.3/commons-exec-1.3.jar:/home/jae/.m2/repository/org/asynchttpclient/async-http-client/2.12.3/async-http-client-2.12.3.jar:/home/jae/.m2/repository/org/asynchttpclient/async-http-client-netty-utils/2.12.3/async-http-client-netty-utils-2.12.3.jar:/home/jae/.m2/repository/io/netty/netty-codec-socks/4.1.60.Final/netty-codec-socks-4.1.60.Final.jar:/home/jae/.m2/repository/io/netty/netty-handler-proxy/4.1.60.Final/netty-handler-proxy-4.1.60.Final.jar:/home/jae/.m2/repository/io/netty/netty-transport-native-epoll/4.1.60.Final/netty-transport-native-epoll-4.1.60.Final-linux-x86_64.jar:/home/jae/.m2/repository/io/netty/netty-transport-native-kqueue/4.1.60.Final/netty-transport-native-kqueue-4.1.60.Final-osx-x86_64.jar:/home/jae/.m2/repository/org/reactivestreams/reactive-streams/1.0.3/reactive-streams-1.0.3.jar:/home/jae/.m2/repository/com/typesafe/netty/netty-reactive-streams/2.0.4/netty-reactive-streams-2.0.4.jar:/home/jae/.m2/repository/com/sun/activation/jakarta.activation/1.2.2/jakarta.activation-1.2.2.jar:/home/jae/.m2/repository/org/seleniumhq/selenium/selenium-http/4.1.2/selenium-http-4.1.2.jar:/home/jae/.m2/repository/net/jodah/failsafe/2.4.4/failsafe-2.4.4.jar:/home/jae/.m2/repository/org/seleniumhq/selenium/selenium-safari-driver/4.1.2/selenium-safari-driver-4.1.2.jar:/home/jae/.m2/repository/org/seleniumhq/selenium/selenium-support/4.1.2/selenium-support-4.1.2.jar:/home/jae/.m2/repository/info/cukes/cucumber-java/1.2.5/cucumber-java-1.2.5.jar:/home/jae/.m2/repository/info/cukes/cucumber-core/1.2.5/cucumber-core-1.2.5.jar:/home/jae/.m2/repository/info/cukes/cucumber-html/0.2.3/cucumber-html-0.2.3.jar:/home/jae/.m2/repository/info/cukes/cucumber-jvm-deps/1.0.5/cucumber-jvm-deps-1.0.5.jar:/home/jae/.m2/repository/info/cukes/gherkin/2.12.2/gherkin-2.12.2.jar:/home/jae/.m2/repository/info/cukes/cucumber-junit/1.2.5/cucumber-junit-1.2.5.jar:/home/jae/.m2/repository/net/masterthought/cucumber-reporting/5.7.2/cucumber-reporting-5.7.2.jar:/home/jae/.m2/repository/com/fasterxml/jackson/core/jackson-databind/2.13.2.2/jackson-databind-2.13.2.2.jar:/home/jae/.m2/repository/com/fasterxml/jackson/core/jackson-annotations/2.13.2/jackson-annotations-2.13.2.jar:/home/jae/.m2/repository/com/fasterxml/jackson/core/jackson-core/2.13.2/jackson-core-2.13.2.jar:/home/jae/.m2/repository/com/fasterxml/jackson/datatype/jackson-datatype-jsr310/2.13.2/jackson-datatype-jsr310-2.13.2.jar:/home/jae/.m2/repository/org/apache/velocity/velocity-engine-core/2.3/velocity-engine-core-2.3.jar:/home/jae/.m2/repository/org/slf4j/slf4j-api/1.7.30/slf4j-api-1.7.30.jar:/home/jae/.m2/repository/commons-collections/commons-collections/3.2.2/commons-collections-3.2.2.jar:/home/jae/.m2/repository/joda-time/joda-time/2.10.14/joda-time-2.10.14.jar:/home/jae/.m2/repository/org/apache/commons/commons-lang3/3.12.0/commons-lang3-3.12.0.jar:/home/jae/.m2/repository/commons-io/commons-io/2.7/commons-io-2.7.jar:/home/jae/.m2/repository/org/codehaus/plexus/plexus-utils/3.4.2/plexus-utils-3.4.2.jar:/home/jae/.m2/repository/org/jsoup/jsoup/1.15.1/jsoup-1.15.1.jar:/home/jae/.m2/repository/com/google/guava/guava/31.1-jre/guava-31.1-jre.jar:/home/jae/.m2/repository/com/google/guava/failureaccess/1.0.1/failureaccess-1.0.1.jar:/home/jae/.m2/repository/com/google/guava/listenablefuture/9999.0-empty-to-avoid-conflict-with-guava/listenablefuture-9999.0-empty-to-avoid-conflict-with-guava.jar:/home/jae/.m2/repository/com/google/code/findbugs/jsr305/3.0.2/jsr305-3.0.2.jar:/home/jae/.m2/repository/org/checkerframework/checker-qual/3.12.0/checker-qual-3.12.0.jar:/home/jae/.m2/repository/com/google/errorprone/error_prone_annotations/2.11.0/error_prone_annotations-2.11.0.jar:/home/jae/.m2/repository/com/google/j2objc/j2objc-annotations/1.3/j2objc-annotations-1.3.jar:/home/jae/.m2/repository/com/googlecode/owasp-java-html-sanitizer/owasp-java-html-sanitizer/20211018.2/owasp-java-html-sanitizer-20211018.2.jar:/home/jae/.m2/repository/commons-configuration/commons-configuration/1.10/commons-configuration-1.10.jar:/home/jae/.m2/repository/commons-lang/commons-lang/2.6/commons-lang-2.6.jar:/home/jae/.m2/repository/commons-logging/commons-logging/1.1.1/commons-logging-1.1.1.jar:"/>
    <property name="sun.cpu.endian" value="little"/>
    <property name="user.home" value="/home/jae"/>
    <property name="user.language" value="en"/>
    <property name="java.specification.vendor" value="Oracle Corporation"/>
    <property name="java.home" value="/usr/lib/jvm/java-8-openjdk-amd64/jre"/>
    <property name="basedir" value="/home/jae/Documents/testwithinteliJ/AutomationSauceDemo"/>
    <property name="file.separator" value="/"/>
    <property name="line.separator" value="&#10;"/>
    <property name="java.vm.specification.vendor" value="Oracle Corporation"/>
    <property name="java.specification.name" value="Java Platform API Specification"/>
    <property name="java.awt.graphicsenv" value="sun.awt.X11GraphicsEnvironment"/>
    <property name="surefire.real.class.path" value="/home/jae/Documents/testwithinteliJ/AutomationSauceDemo/target/surefire/surefirebooter-20221030203733949_3.jar"/>
    <property name="sun.boot.class.path" value="/usr/lib/jvm/java-8-openjdk-amd64/jre/lib/resources.jar:/usr/lib/jvm/java-8-openjdk-amd64/jre/lib/rt.jar:/usr/lib/jvm/java-8-openjdk-amd64/jre/lib/sunrsasign.jar:/usr/lib/jvm/java-8-openjdk-amd64/jre/lib/jsse.jar:/usr/lib/jvm/java-8-openjdk-amd64/jre/lib/jce.jar:/usr/lib/jvm/java-8-openjdk-amd64/jre/lib/charsets.jar:/usr/lib/jvm/java-8-openjdk-amd64/jre/lib/jfr.jar:/usr/lib/jvm/java-8-openjdk-amd64/jre/classes"/>
    <property name="sun.management.compiler" value="HotSpot 64-Bit Tiered Compilers"/>
    <property name="java.runtime.version" value="1.8.0_342-8u342-b07-0ubuntu1~22.04-b07"/>
    <property name="user.name" value="jae"/>
    <property name="path.separator" value=":"/>
    <property name="os.version" value="5.15.0-52-generic"/>
    <property name="java.endorsed.dirs" value="/usr/lib/jvm/java-8-openjdk-amd64/jre/lib/endorsed"/>
    <property name="java.runtime.name" value="OpenJDK Runtime Environment"/>
    <property name="file.encoding" value="UTF-8"/>
    <property name="java.vm.name" value="OpenJDK 64-Bit Server VM"/>
    <property name="localRepository" value="/home/jae/.m2/repository"/>
    <property name="java.vendor.url.bug" value="http://bugreport.sun.com/bugreport/"/>
    <property name="java.io.tmpdir" value="/tmp"/>
    <property name="idea.version" value="2022.2.3"/>
    <property name="java.version" value="1.8.0_342"/>
    <property name="user.dir" value="/home/jae/Documents/testwithinteliJ/AutomationSauceDemo"/>
    <property name="os.arch" value="amd64"/>
    <property name="java.vm.specification.name" value="Java Virtual Machine Specification"/>
    <property name="java.awt.printerjob" value="sun.print.PSPrinterJob"/>
    <property name="sun.os.patch.level" value="unknown"/>
    <property name="java.library.path" value="/usr/java/packages/lib/amd64:/usr/lib/x86_64-linux-gnu/jni:/lib/x86_64-linux-gnu:/usr/lib/x86_64-linux-gnu:/usr/lib/jni:/lib:/usr/lib"/>
    <property name="java.vm.info" value="mixed mode"/>
    <property name="java.vendor" value="Private Build"/>
    <property name="java.vm.version" value="25.342-b07"/>
    <property name="java.ext.dirs" value="/usr/lib/jvm/java-8-openjdk-amd64/jre/lib/ext:/usr/java/packages/lib/ext"/>
    <property name="sun.io.unicode.encoding" value="UnicodeLittle"/>
    <property name="java.class.version" value="52.0"/>
  </properties>
  <testcase name="Given User open the web page" classname="Scenario: Click on item who showed on the list" time="0.002">
    <system-out><![CDATA[@listItem
Feature: Item List on page it must be clickable
  As a User i want to click the product to check full description
]]></system-out>
    <system-err><![CDATA[SLF4J: Failed to load class "org.slf4j.impl.StaticLoggerBinder".
SLF4J: Defaulting to no-operation (NOP) logger implementation
SLF4J: See http://www.slf4j.org/codes.html#StaticLoggerBinder for further details.
Starting ChromeDriver 106.0.5249.61 (511755355844955cd3e264779baf0dd38212a4d0-refs/branch-heads/5249@{#569}) on port 46997
Only local connections are allowed.
Please see https://chromedriver.chromium.org/security-considerations for suggestions on keeping ChromeDriver safe.
ChromeDriver was started successfully.
Oct 30, 2022 8:37:36 PM org.openqa.selenium.remote.ProtocolHandshake createSession
INFO: Detected dialect: W3C
Oct 30, 2022 8:37:36 PM org.openqa.selenium.devtools.CdpVersionFinder findNearestMatch
WARNING: Unable to find an exact match for CDP version 106, so returning the closest version found: a no-op implementation
Oct 30, 2022 8:37:36 PM org.openqa.selenium.devtools.CdpVersionFinder findNearestMatch
INFO: Unable to find CDP implementation matching 106.
Oct 30, 2022 8:37:36 PM org.openqa.selenium.chromium.ChromiumDriver lambda$new$3
WARNING: Unable to find version of CDP to use for . You may need to include a dependency on a specific version of the CDP using something similar to `org.seleniumhq.selenium:selenium-devtools-v86:4.1.2` where the version ("v86") matches the version of the chromium-based browser you're using and the version number of the artifact is the same as Selenium's.
]]></system-err>
  </testcase>
  <testcase name="When User input &quot;standard_user&quot; as userName and &quot;secret_sauce&quot; as pasword" classname="Scenario: Click on item who showed on the list" time="0.001"/>
  <testcase name="And User is already in landing page" classname="Scenario: Click on item who showed on the list" time="0"/>
  <testcase name="Then User click on &quot;Sauce Labs Backpack&quot; to see detail of product" classname="Scenario: Click on item who showed on the list" time="0"/>
  <testcase name="And User click on &quot;Sauce Labs Bike Light&quot; to see detail of product" classname="Scenario: Click on item who showed on the list" time="0"/>
  <testcase name="And User click on &quot;Sauce Labs Bolt T-Shirt&quot; to see detail of product" classname="Scenario: Click on item who showed on the list" time="0"/>
  <testcase name="And User click on &quot;Sauce Labs Fleece Jacket&quot; to see detail of product" classname="Scenario: Click on item who showed on the list" time="0.001"/>
  <testcase name="And User click on &quot;Sauce Labs Onesie&quot; to see detail of product" classname="Scenario: Click on item who showed on the list" time="0"/>
  <testcase name="And User click on &quot;Test.allTheThings() T-Shirt (Red)&quot; to see detail of product" classname="Scenario: Click on item who showed on the list" time="0"/>
  <testcase name="" classname="Scenario: Click on item who showed on the list" time="0.155"/>
  <testcase name="Given User open the web page" classname="Scenario: Valid Login" time="0">
    <system-out><![CDATA[
  Scenario: Click on item who showed on the list                                   &amp#27;[90m# features/ItemOnPage.feature:4&amp#27;[0m
    &amp#27;[32mGiven &amp#27;[0m&amp#27;[32mUser open the web page&amp#27;[0m                                                   &amp#27;[90m# loginSteps.verifyLoginPage()&amp#27;[0m
    &amp#27;[32mWhen &amp#27;[0m&amp#27;[32mUser input "&amp#27;[0m&amp#27;[32m&amp#27;[1mstandard_user&amp#27;[0m&amp#27;[32m" as userName and "&amp#27;[0m&amp#27;[32m&amp#27;[1msecret_sauce&amp#27;[0m&amp#27;[32m" as pasword&amp#27;[0m      &amp#27;[90m# loginSteps.inputCredential(String,String)&amp#27;[0m
    &amp#27;[32mAnd &amp#27;[0m&amp#27;[32mUser is already in landing page&amp#27;[0m                                            &amp#27;[90m# loginSteps.isDashboardIsDisplayed()&amp#27;[0m
    &amp#27;[32mThen &amp#27;[0m&amp#27;[32mUser click on "&amp#27;[0m&amp#27;[32m&amp#27;[1mSauce Labs Backpack&amp#27;[0m&amp#27;[32m" to see detail of product&amp#27;[0m              &amp#27;[90m# itemPage.verifyClickOnLandingPage(String)&amp#27;[0m
    &amp#27;[32mAnd &amp#27;[0m&amp#27;[32mUser click on "&amp#27;[0m&amp#27;[32m&amp#27;[1mSauce Labs Bike Light&amp#27;[0m&amp#27;[32m" to see detail of product&amp#27;[0m             &amp#27;[90m# itemPage.verifyClickOnLandingPage(String)&amp#27;[0m
    &amp#27;[32mAnd &amp#27;[0m&amp#27;[32mUser click on "&amp#27;[0m&amp#27;[32m&amp#27;[1mSauce Labs Bolt T-Shirt&amp#27;[0m&amp#27;[32m" to see detail of product&amp#27;[0m           &amp#27;[90m# itemPage.verifyClickOnLandingPage(String)&amp#27;[0m
    &amp#27;[32mAnd &amp#27;[0m&amp#27;[32mUser click on "&amp#27;[0m&amp#27;[32m&amp#27;[1mSauce Labs Fleece Jacket&amp#27;[0m&amp#27;[32m" to see detail of product&amp#27;[0m          &amp#27;[90m# itemPage.verifyClickOnLandingPage(String)&amp#27;[0m
    &amp#27;[32mAnd &amp#27;[0m&amp#27;[32mUser click on "&amp#27;[0m&amp#27;[32m&amp#27;[1mSauce Labs Onesie&amp#27;[0m&amp#27;[32m" to see detail of product&amp#27;[0m                 &amp#27;[90m# itemPage.verifyClickOnLandingPage(String)&amp#27;[0m
    &amp#27;[32mAnd &amp#27;[0m&amp#27;[32mUser click on "&amp#27;[0m&amp#27;[32m&amp#27;[1mTest.allTheThings() T-Shirt (Red)&amp#27;[0m&amp#27;[32m" to see detail of product&amp#27;[0m &amp#27;[90m# itemPage.verifyClickOnLandingPage(String)&amp#27;[0m
@Login
Feature: Login
  As a user i want to login to home page saucedemo
]]></system-out>
    <system-err><![CDATA[Starting ChromeDriver 106.0.5249.61 (511755355844955cd3e264779baf0dd38212a4d0-refs/branch-heads/5249@{#569}) on port 42656
Only local connections are allowed.
Please see https://chromedriver.chromium.org/security-considerations for suggestions on keeping ChromeDriver safe.
ChromeDriver was started successfully.
Oct 30, 2022 8:38:01 PM org.openqa.selenium.remote.ProtocolHandshake createSession
INFO: Detected dialect: W3C
Oct 30, 2022 8:38:01 PM org.openqa.selenium.devtools.CdpVersionFinder findNearestMatch
WARNING: Unable to find an exact match for CDP version 106, so returning the closest version found: a no-op implementation
Oct 30, 2022 8:38:01 PM org.openqa.selenium.devtools.CdpVersionFinder findNearestMatch
INFO: Unable to find CDP implementation matching 106.
Oct 30, 2022 8:38:01 PM org.openqa.selenium.chromium.ChromiumDriver lambda$new$3
WARNING: Unable to find version of CDP to use for . You may need to include a dependency on a specific version of the CDP using something similar to `org.seleniumhq.selenium:selenium-devtools-v86:4.1.2` where the version ("v86") matches the version of the chromium-based browser you're using and the version number of the artifact is the same as Selenium's.
]]></system-err>
  </testcase>
  <testcase name="When User input &quot;standard_user&quot; as userName and &quot;secret_sauce&quot; as pasword" classname="Scenario: Valid Login" time="0"/>
  <testcase name="And User is already in landing page" classname="Scenario: Valid Login" time="0"/>
  <testcase name="" classname="Scenario: Valid Login" time="0.156"/>
  <testcase name="Given User open the web page" classname="| asd | secret_sauce | Epic sadface: Username and password do not match any user in this service |" time="0">
    <system-out><![CDATA[
  Scenario: Valid Login                                                       &amp#27;[90m# features/Login.feature:4&amp#27;[0m
    &amp#27;[32mGiven &amp#27;[0m&amp#27;[32mUser open the web page&amp#27;[0m                                              &amp#27;[90m# loginSteps.verifyLoginPage()&amp#27;[0m
    &amp#27;[32mWhen &amp#27;[0m&amp#27;[32mUser input "&amp#27;[0m&amp#27;[32m&amp#27;[1mstandard_user&amp#27;[0m&amp#27;[32m" as userName and "&amp#27;[0m&amp#27;[32m&amp#27;[1msecret_sauce&amp#27;[0m&amp#27;[32m" as pasword&amp#27;[0m &amp#27;[90m# loginSteps.inputCredential(String,String)&amp#27;[0m
    &amp#27;[32mAnd &amp#27;[0m&amp#27;[32mUser is already in landing page&amp#27;[0m                                       &amp#27;[90m# loginSteps.isDashboardIsDisplayed()&amp#27;[0m

  Scenario Outline: invalid Login                                        &amp#27;[90m# features/Login.feature:9&amp#27;[0m
    &amp#27;[36mGiven &amp#27;[0m&amp#27;[36mUser open the web page&amp#27;[0m
    &amp#27;[36mWhen &amp#27;[0m&amp#27;[36mUser input "<userName>" as userName and "<password>" as pasword&amp#27;[0m
    &amp#27;[36mThen &amp#27;[0m&amp#27;[36mUser will see "<errorText>" on login page&amp#27;[0m

    Examples: 
]]></system-out>
    <system-err><![CDATA[Starting ChromeDriver 106.0.5249.61 (511755355844955cd3e264779baf0dd38212a4d0-refs/branch-heads/5249@{#569}) on port 35908
Only local connections are allowed.
Please see https://chromedriver.chromium.org/security-considerations for suggestions on keeping ChromeDriver safe.
ChromeDriver was started successfully.
Oct 30, 2022 8:38:14 PM org.openqa.selenium.remote.ProtocolHandshake createSession
INFO: Detected dialect: W3C
Oct 30, 2022 8:38:14 PM org.openqa.selenium.devtools.CdpVersionFinder findNearestMatch
WARNING: Unable to find an exact match for CDP version 106, so returning the closest version found: a no-op implementation
Oct 30, 2022 8:38:14 PM org.openqa.selenium.devtools.CdpVersionFinder findNearestMatch
INFO: Unable to find CDP implementation matching 106.
Oct 30, 2022 8:38:14 PM org.openqa.selenium.chromium.ChromiumDriver lambda$new$3
WARNING: Unable to find version of CDP to use for . You may need to include a dependency on a specific version of the CDP using something similar to `org.seleniumhq.selenium:selenium-devtools-v86:4.1.2` where the version ("v86") matches the version of the chromium-based browser you're using and the version number of the artifact is the same as Selenium's.
]]></system-err>
  </testcase>
  <testcase name="When User input &quot;asd&quot; as userName and &quot;secret_sauce&quot; as pasword" classname="| asd | secret_sauce | Epic sadface: Username and password do not match any user in this service |" time="0.001"/>
  <testcase name="Then User will see &quot;Epic sadface: Username and password do not match any user in this service&quot; on login page" classname="| asd | secret_sauce | Epic sadface: Username and password do not match any user in this service |" time="0"/>
  <testcase name="" classname="| asd | secret_sauce | Epic sadface: Username and password do not match any user in this service |" time="0.102"/>
  <testcase name="Given User open the web page" classname="| standard_user | asd | Epic sadface: Username and password do not match any user in this service |" time="0">
    <system-out><![CDATA[
  @Login
  Scenario Outline: invalid Login                                                                                &amp#27;[90m# features/Login.feature:15&amp#27;[0m
    &amp#27;[32mGiven &amp#27;[0m&amp#27;[32mUser open the web page&amp#27;[0m                                                                                 &amp#27;[90m# loginSteps.verifyLoginPage()&amp#27;[0m
    &amp#27;[32mWhen &amp#27;[0m&amp#27;[32mUser input "&amp#27;[0m&amp#27;[32m&amp#27;[1masd&amp#27;[0m&amp#27;[32m" as userName and "&amp#27;[0m&amp#27;[32m&amp#27;[1msecret_sauce&amp#27;[0m&amp#27;[32m" as pasword&amp#27;[0m                                              &amp#27;[90m# loginSteps.inputCredential(String,String)&amp#27;[0m
    &amp#27;[32mThen &amp#27;[0m&amp#27;[32mUser will see "&amp#27;[0m&amp#27;[32m&amp#27;[1mEpic sadface: Username and password do not match any user in this service&amp#27;[0m&amp#27;[32m" on login page&amp#27;[0m &amp#27;[90m# loginSteps.displayErrorMassage(String)&amp#27;[0m
]]></system-out>
    <system-err><![CDATA[Starting ChromeDriver 106.0.5249.61 (511755355844955cd3e264779baf0dd38212a4d0-refs/branch-heads/5249@{#569}) on port 45724
Only local connections are allowed.
Please see https://chromedriver.chromium.org/security-considerations for suggestions on keeping ChromeDriver safe.
ChromeDriver was started successfully.
Oct 30, 2022 8:38:48 PM org.openqa.selenium.remote.ProtocolHandshake createSession
INFO: Detected dialect: W3C
Oct 30, 2022 8:38:48 PM org.openqa.selenium.devtools.CdpVersionFinder findNearestMatch
WARNING: Unable to find an exact match for CDP version 106, so returning the closest version found: a no-op implementation
Oct 30, 2022 8:38:48 PM org.openqa.selenium.devtools.CdpVersionFinder findNearestMatch
INFO: Unable to find CDP implementation matching 106.
Oct 30, 2022 8:38:48 PM org.openqa.selenium.chromium.ChromiumDriver lambda$new$3
WARNING: Unable to find version of CDP to use for . You may need to include a dependency on a specific version of the CDP using something similar to `org.seleniumhq.selenium:selenium-devtools-v86:4.1.2` where the version ("v86") matches the version of the chromium-based browser you're using and the version number of the artifact is the same as Selenium's.
]]></system-err>
  </testcase>
  <testcase name="When User input &quot;standard_user&quot; as userName and &quot;asd&quot; as pasword" classname="| standard_user | asd | Epic sadface: Username and password do not match any user in this service |" time="0.001"/>
  <testcase name="Then User will see &quot;Epic sadface: Username and password do not match any user in this service&quot; on login page" classname="| standard_user | asd | Epic sadface: Username and password do not match any user in this service |" time="0"/>
  <testcase name="" classname="| standard_user | asd | Epic sadface: Username and password do not match any user in this service |" time="0.101"/>
  <testcase name="Given User open the web page" classname="|  |  | Epic sadface: Username is required |" time="0">
    <system-out><![CDATA[
  @Login
  Scenario Outline: invalid Login                                                                                &amp#27;[90m# features/Login.feature:16&amp#27;[0m
    &amp#27;[32mGiven &amp#27;[0m&amp#27;[32mUser open the web page&amp#27;[0m                                                                                 &amp#27;[90m# loginSteps.verifyLoginPage()&amp#27;[0m
    &amp#27;[32mWhen &amp#27;[0m&amp#27;[32mUser input "&amp#27;[0m&amp#27;[32m&amp#27;[1mstandard_user&amp#27;[0m&amp#27;[32m" as userName and "&amp#27;[0m&amp#27;[32m&amp#27;[1masd&amp#27;[0m&amp#27;[32m" as pasword&amp#27;[0m                                             &amp#27;[90m# loginSteps.inputCredential(String,String)&amp#27;[0m
    &amp#27;[32mThen &amp#27;[0m&amp#27;[32mUser will see "&amp#27;[0m&amp#27;[32m&amp#27;[1mEpic sadface: Username and password do not match any user in this service&amp#27;[0m&amp#27;[32m" on login page&amp#27;[0m &amp#27;[90m# loginSteps.displayErrorMassage(String)&amp#27;[0m
]]></system-out>
    <system-err><![CDATA[Starting ChromeDriver 106.0.5249.61 (511755355844955cd3e264779baf0dd38212a4d0-refs/branch-heads/5249@{#569}) on port 41878
Only local connections are allowed.
Please see https://chromedriver.chromium.org/security-considerations for suggestions on keeping ChromeDriver safe.
ChromeDriver was started successfully.
Oct 30, 2022 8:38:56 PM org.openqa.selenium.remote.ProtocolHandshake createSession
INFO: Detected dialect: W3C
Oct 30, 2022 8:38:56 PM org.openqa.selenium.devtools.CdpVersionFinder findNearestMatch
WARNING: Unable to find an exact match for CDP version 106, so returning the closest version found: a no-op implementation
Oct 30, 2022 8:38:56 PM org.openqa.selenium.devtools.CdpVersionFinder findNearestMatch
INFO: Unable to find CDP implementation matching 106.
Oct 30, 2022 8:38:56 PM org.openqa.selenium.chromium.ChromiumDriver lambda$new$3
WARNING: Unable to find version of CDP to use for . You may need to include a dependency on a specific version of the CDP using something similar to `org.seleniumhq.selenium:selenium-devtools-v86:4.1.2` where the version ("v86") matches the version of the chromium-based browser you're using and the version number of the artifact is the same as Selenium's.
]]></system-err>
  </testcase>
  <testcase name="When User input &quot;&quot; as userName and &quot;&quot; as pasword" classname="|  |  | Epic sadface: Username is required |" time="0"/>
  <testcase name="Then User will see &quot;Epic sadface: Username is required&quot; on login page" classname="|  |  | Epic sadface: Username is required |" time="0"/>
  <testcase name="" classname="|  |  | Epic sadface: Username is required |" time="0.153"/>
  <testcase name="Given User open the web page" classname="| asd |  | Epic sadface: Password is required |" time="0">
    <system-out><![CDATA[
  @Login
  Scenario Outline: invalid Login                                         &amp#27;[90m# features/Login.feature:17&amp#27;[0m
    &amp#27;[32mGiven &amp#27;[0m&amp#27;[32mUser open the web page&amp#27;[0m                                          &amp#27;[90m# loginSteps.verifyLoginPage()&amp#27;[0m
    &amp#27;[32mWhen &amp#27;[0m&amp#27;[32mUser input "&amp#27;[0m&amp#27;[32m&amp#27;[1m&amp#27;[0m&amp#27;[32m" as userName and "&amp#27;[0m&amp#27;[32m&amp#27;[1m&amp#27;[0m&amp#27;[32m" as pasword&amp#27;[0m                      &amp#27;[90m# loginSteps.inputCredential(String,String)&amp#27;[0m
    &amp#27;[32mThen &amp#27;[0m&amp#27;[32mUser will see "&amp#27;[0m&amp#27;[32m&amp#27;[1mEpic sadface: Username is required&amp#27;[0m&amp#27;[32m" on login page&amp#27;[0m &amp#27;[90m# loginSteps.displayErrorMassage(String)&amp#27;[0m
]]></system-out>
    <system-err><![CDATA[Starting ChromeDriver 106.0.5249.61 (511755355844955cd3e264779baf0dd38212a4d0-refs/branch-heads/5249@{#569}) on port 52875
Only local connections are allowed.
Please see https://chromedriver.chromium.org/security-considerations for suggestions on keeping ChromeDriver safe.
ChromeDriver was started successfully.
Oct 30, 2022 8:39:07 PM org.openqa.selenium.remote.ProtocolHandshake createSession
INFO: Detected dialect: W3C
Oct 30, 2022 8:39:07 PM org.openqa.selenium.devtools.CdpVersionFinder findNearestMatch
WARNING: Unable to find an exact match for CDP version 106, so returning the closest version found: a no-op implementation
Oct 30, 2022 8:39:07 PM org.openqa.selenium.devtools.CdpVersionFinder findNearestMatch
INFO: Unable to find CDP implementation matching 106.
Oct 30, 2022 8:39:07 PM org.openqa.selenium.chromium.ChromiumDriver lambda$new$3
WARNING: Unable to find version of CDP to use for . You may need to include a dependency on a specific version of the CDP using something similar to `org.seleniumhq.selenium:selenium-devtools-v86:4.1.2` where the version ("v86") matches the version of the chromium-based browser you're using and the version number of the artifact is the same as Selenium's.
]]></system-err>
  </testcase>
  <testcase name="When User input &quot;asd&quot; as userName and &quot;&quot; as pasword" classname="| asd |  | Epic sadface: Password is required |" time="0"/>
  <testcase name="Then User will see &quot;Epic sadface: Password is required&quot; on login page" classname="| asd |  | Epic sadface: Password is required |" time="0"/>
  <testcase name="" classname="| asd |  | Epic sadface: Password is required |" time="0.123"/>
  <testcase name="Given User open the web page" classname="|  | asd | Epic sadface: Username is required |" time="0.001">
    <system-out><![CDATA[
  @Login
  Scenario Outline: invalid Login                                         &amp#27;[90m# features/Login.feature:18&amp#27;[0m
    &amp#27;[32mGiven &amp#27;[0m&amp#27;[32mUser open the web page&amp#27;[0m                                          &amp#27;[90m# loginSteps.verifyLoginPage()&amp#27;[0m
    &amp#27;[32mWhen &amp#27;[0m&amp#27;[32mUser input "&amp#27;[0m&amp#27;[32m&amp#27;[1masd&amp#27;[0m&amp#27;[32m" as userName and "&amp#27;[0m&amp#27;[32m&amp#27;[1m&amp#27;[0m&amp#27;[32m" as pasword&amp#27;[0m                   &amp#27;[90m# loginSteps.inputCredential(String,String)&amp#27;[0m
    &amp#27;[32mThen &amp#27;[0m&amp#27;[32mUser will see "&amp#27;[0m&amp#27;[32m&amp#27;[1mEpic sadface: Password is required&amp#27;[0m&amp#27;[32m" on login page&amp#27;[0m &amp#27;[90m# loginSteps.displayErrorMassage(String)&amp#27;[0m
]]></system-out>
    <system-err><![CDATA[Starting ChromeDriver 106.0.5249.61 (511755355844955cd3e264779baf0dd38212a4d0-refs/branch-heads/5249@{#569}) on port 57972
Only local connections are allowed.
Please see https://chromedriver.chromium.org/security-considerations for suggestions on keeping ChromeDriver safe.
ChromeDriver was started successfully.
Oct 30, 2022 8:39:18 PM org.openqa.selenium.remote.ProtocolHandshake createSession
INFO: Detected dialect: W3C
Oct 30, 2022 8:39:18 PM org.openqa.selenium.devtools.CdpVersionFinder findNearestMatch
WARNING: Unable to find an exact match for CDP version 106, so returning the closest version found: a no-op implementation
Oct 30, 2022 8:39:18 PM org.openqa.selenium.devtools.CdpVersionFinder findNearestMatch
INFO: Unable to find CDP implementation matching 106.
Oct 30, 2022 8:39:18 PM org.openqa.selenium.chromium.ChromiumDriver lambda$new$3
WARNING: Unable to find version of CDP to use for . You may need to include a dependency on a specific version of the CDP using something similar to `org.seleniumhq.selenium:selenium-devtools-v86:4.1.2` where the version ("v86") matches the version of the chromium-based browser you're using and the version number of the artifact is the same as Selenium's.
]]></system-err>
  </testcase>
  <testcase name="When User input &quot;&quot; as userName and &quot;asd&quot; as pasword" classname="|  | asd | Epic sadface: Username is required |" time="0"/>
  <testcase name="Then User will see &quot;Epic sadface: Username is required&quot; on login page" classname="|  | asd | Epic sadface: Username is required |" time="0"/>
  <testcase name="" classname="|  | asd | Epic sadface: Username is required |" time="0.151"/>
  <testcase name="Given User open the web page" classname="Scenario: User" time="0">
    <system-out><![CDATA[
  @Login
  Scenario Outline: invalid Login                                         &amp#27;[90m# features/Login.feature:19&amp#27;[0m
    &amp#27;[32mGiven &amp#27;[0m&amp#27;[32mUser open the web page&amp#27;[0m                                          &amp#27;[90m# loginSteps.verifyLoginPage()&amp#27;[0m
    &amp#27;[32mWhen &amp#27;[0m&amp#27;[32mUser input "&amp#27;[0m&amp#27;[32m&amp#27;[1m&amp#27;[0m&amp#27;[32m" as userName and "&amp#27;[0m&amp#27;[32m&amp#27;[1masd&amp#27;[0m&amp#27;[32m" as pasword&amp#27;[0m                   &amp#27;[90m# loginSteps.inputCredential(String,String)&amp#27;[0m
    &amp#27;[32mThen &amp#27;[0m&amp#27;[32mUser will see "&amp#27;[0m&amp#27;[32m&amp#27;[1mEpic sadface: Username is required&amp#27;[0m&amp#27;[32m" on login page&amp#27;[0m &amp#27;[90m# loginSteps.displayErrorMassage(String)&amp#27;[0m
@BuyStuffs
Feature: Add To Chart And Checkout
  As user I want to add some stuffs to chart and checkout
]]></system-out>
    <system-err><![CDATA[Starting ChromeDriver 106.0.5249.61 (511755355844955cd3e264779baf0dd38212a4d0-refs/branch-heads/5249@{#569}) on port 42343
Only local connections are allowed.
Please see https://chromedriver.chromium.org/security-considerations for suggestions on keeping ChromeDriver safe.
ChromeDriver was started successfully.
Oct 30, 2022 8:39:24 PM org.openqa.selenium.remote.ProtocolHandshake createSession
INFO: Detected dialect: W3C
Oct 30, 2022 8:39:24 PM org.openqa.selenium.devtools.CdpVersionFinder findNearestMatch
WARNING: Unable to find an exact match for CDP version 106, so returning the closest version found: a no-op implementation
Oct 30, 2022 8:39:24 PM org.openqa.selenium.devtools.CdpVersionFinder findNearestMatch
INFO: Unable to find CDP implementation matching 106.
Oct 30, 2022 8:39:24 PM org.openqa.selenium.chromium.ChromiumDriver lambda$new$3
WARNING: Unable to find version of CDP to use for . You may need to include a dependency on a specific version of the CDP using something similar to `org.seleniumhq.selenium:selenium-devtools-v86:4.1.2` where the version ("v86") matches the version of the chromium-based browser you're using and the version number of the artifact is the same as Selenium's.
]]></system-err>
  </testcase>
  <testcase name="When User input &quot;standard_user&quot; as userName and &quot;secret_sauce&quot; as pasword" classname="Scenario: User" time="0"/>
  <testcase name="And User is already in landing page" classname="Scenario: User" time="0"/>
  <testcase name="Then User sort &quot;Name (Z to A)&quot; and will see item sorting as expected" classname="Scenario: User" time="0"/>
  <testcase name="And User pick &quot;Sauce Labs Onesie&quot; and &quot;Test.allTheThings() T-Shirt (Red)&quot; to chart" classname="Scenario: User" time="0"/>
  <testcase name="Then User will see basket has been filled with item have been choose" classname="Scenario: User" time="0"/>
  <testcase name="And User want to remove the last stuff have been added" classname="Scenario: User" time="0"/>
  <testcase name="And User want to checkout then input &quot;Jae&quot; as first name, &quot;Kusuma&quot; as lastname and &quot;14045&quot; as postal code" classname="Scenario: User" time="0"/>
  <testcase name="Then User will see checkout information payment &quot;Item total: $7.99&quot; with &quot;Tax: $0.64&quot; and &quot;Total: $8.63&quot;" classname="Scenario: User" time="0.001"/>
  <testcase name="Then User complete the transaction while see the &quot;Pony Express&quot; image" classname="Scenario: User" time="0"/>
  <testcase name="" classname="Scenario: User" time="0.132"/>
  <testcase name="Given User open the web page" classname="Scenario: Sorting item page" time="0">
    <system-out><![CDATA[
  Scenario: User                                                                                              &amp#27;[90m# features/PurchaseItemFlow.feature:4&amp#27;[0m
    &amp#27;[32mGiven &amp#27;[0m&amp#27;[32mUser open the web page&amp#27;[0m                                                                              &amp#27;[90m# loginSteps.verifyLoginPage()&amp#27;[0m
    &amp#27;[32mWhen &amp#27;[0m&amp#27;[32mUser input "&amp#27;[0m&amp#27;[32m&amp#27;[1mstandard_user&amp#27;[0m&amp#27;[32m" as userName and "&amp#27;[0m&amp#27;[32m&amp#27;[1msecret_sauce&amp#27;[0m&amp#27;[32m" as pasword&amp#27;[0m                                 &amp#27;[90m# loginSteps.inputCredential(String,String)&amp#27;[0m
    &amp#27;[32mAnd &amp#27;[0m&amp#27;[32mUser is already in landing page&amp#27;[0m                                                                       &amp#27;[90m# loginSteps.isDashboardIsDisplayed()&amp#27;[0m
    &amp#27;[32mThen &amp#27;[0m&amp#27;[32mUser sort "&amp#27;[0m&amp#27;[32m&amp#27;[1mName (Z to A)&amp#27;[0m&amp#27;[32m" and will see item sorting as expected&amp#27;[0m                                      &amp#27;[90m# purchaseSteps.clickDropDownSort(String)&amp#27;[0m
    &amp#27;[32mAnd &amp#27;[0m&amp#27;[32mUser pick "&amp#27;[0m&amp#27;[32m&amp#27;[1mSauce Labs Onesie&amp#27;[0m&amp#27;[32m" and "&amp#27;[0m&amp#27;[32m&amp#27;[1mTest.allTheThings() T-Shirt (Red)&amp#27;[0m&amp#27;[32m" to chart&amp#27;[0m                        &amp#27;[90m# purchaseSteps.putChooseItem(String,String)&amp#27;[0m
    &amp#27;[32mThen &amp#27;[0m&amp#27;[32mUser will see basket has been filled with item have been choose&amp#27;[0m                                      &amp#27;[90m# purchaseSteps.seeChartItem()&amp#27;[0m
    &amp#27;[32mAnd &amp#27;[0m&amp#27;[32mUser want to remove the last stuff have been added&amp#27;[0m                                                    &amp#27;[90m# purchaseSteps.removeItem()&amp#27;[0m
    &amp#27;[32mAnd &amp#27;[0m&amp#27;[32mUser want to checkout then input "&amp#27;[0m&amp#27;[32m&amp#27;[1mJae&amp#27;[0m&amp#27;[32m" as first name, "&amp#27;[0m&amp#27;[32m&amp#27;[1mKusuma&amp#27;[0m&amp#27;[32m" as lastname and "&amp#27;[0m&amp#27;[32m&amp#27;[1m14045&amp#27;[0m&amp#27;[32m" as postal code&amp#27;[0m &amp#27;[90m# purchaseSteps.checkoutStuffs(String,String,String)&amp#27;[0m
    &amp#27;[32mThen &amp#27;[0m&amp#27;[32mUser will see checkout information payment "&amp#27;[0m&amp#27;[32m&amp#27;[1mItem total: $7.99&amp#27;[0m&amp#27;[32m" with "&amp#27;[0m&amp#27;[32m&amp#27;[1mTax: $0.64&amp#27;[0m&amp#27;[32m" and "&amp#27;[0m&amp#27;[32m&amp#27;[1mTotal: $8.63&amp#27;[0m&amp#27;[32m"&amp#27;[0m  &amp#27;[90m# purchaseSteps.verifyPriceCheckOut(String,String,String)&amp#27;[0m
    &amp#27;[32mThen &amp#27;[0m&amp#27;[32mUser complete the transaction while see the "&amp#27;[0m&amp#27;[32m&amp#27;[1mPony Express&amp#27;[0m&amp#27;[32m" image&amp#27;[0m                                     &amp#27;[90m# purchaseSteps.successPageTransaction(String)&amp#27;[0m
@sortItem
Feature: Sorting Item by name or by price
  Ad user i want to sorting list on page
]]></system-out>
    <system-err><![CDATA[Starting ChromeDriver 106.0.5249.61 (511755355844955cd3e264779baf0dd38212a4d0-refs/branch-heads/5249@{#569}) on port 36593
Only local connections are allowed.
Please see https://chromedriver.chromium.org/security-considerations for suggestions on keeping ChromeDriver safe.
ChromeDriver was started successfully.
Oct 30, 2022 8:39:38 PM org.openqa.selenium.remote.ProtocolHandshake createSession
INFO: Detected dialect: W3C
Oct 30, 2022 8:39:38 PM org.openqa.selenium.devtools.CdpVersionFinder findNearestMatch
WARNING: Unable to find an exact match for CDP version 106, so returning the closest version found: a no-op implementation
Oct 30, 2022 8:39:38 PM org.openqa.selenium.devtools.CdpVersionFinder findNearestMatch
INFO: Unable to find CDP implementation matching 106.
Oct 30, 2022 8:39:38 PM org.openqa.selenium.chromium.ChromiumDriver lambda$new$3
WARNING: Unable to find version of CDP to use for . You may need to include a dependency on a specific version of the CDP using something similar to `org.seleniumhq.selenium:selenium-devtools-v86:4.1.2` where the version ("v86") matches the version of the chromium-based browser you're using and the version number of the artifact is the same as Selenium's.
]]></system-err>
  </testcase>
  <testcase name="When User input &quot;standard_user&quot; as userName and &quot;secret_sauce&quot; as pasword" classname="Scenario: Sorting item page" time="0"/>
  <testcase name="And User is already in landing page" classname="Scenario: Sorting item page" time="0.001"/>
  <testcase name="Then User sort &quot;Name (Z to A)&quot; and will see item sorting as expected" classname="Scenario: Sorting item page" time="0.001"/>
  <testcase name="And User sort &quot;Name (A to Z)&quot; and will see item sorting as expected" classname="Scenario: Sorting item page" time="0"/>
  <testcase name="And User sort &quot;Price (low to high)&quot; and will see item sorting as expected" classname="Scenario: Sorting item page" time="0"/>
  <testcase name="And User sort &quot;Price (high to low)&quot; and will see item sorting as expected" classname="Scenario: Sorting item page" time="0.001"/>
  <testcase name="" classname="Scenario: Sorting item page" time="0.157"/>
</testsuite>